DEBUG    mine:mine.py:64 node=START, state=
		[Node(name='START', seen=True, cost=0, parent=None),
		 Node(name='A', seen=False, cost=6, parent='START'),
		 Node(name='B', seen=False, cost=2, parent='START'),
		 Node(name='FIN', seen=False, cost=None, parent=None)]
DEBUG    mine:mine.py:64 node=B, state=
		[Node(name='START', seen=True, cost=0, parent=None),
		 Node(name='A', seen=False, cost=5, parent='B'),
		 Node(name='B', seen=True, cost=2, parent='START'),
		 Node(name='FIN', seen=False, cost=7, parent='B')]
DEBUG    mine:mine.py:64 node=A, state=
		[Node(name='START', seen=True, cost=0, parent=None),
		 Node(name='A', seen=True, cost=5, parent='B'),
		 Node(name='B', seen=True, cost=2, parent='START'),
		 Node(name='FIN', seen=False, cost=6, parent='A')]
DEBUG    mine:mine.py:64 node=FIN, state=
		[Node(name='START', seen=True, cost=0, parent=None),
		 Node(name='A', seen=True, cost=5, parent='B'),
		 Node(name='B', seen=True, cost=2, parent='START'),
		 Node(name='FIN', seen=True, cost=6, parent='A')]
